# JRE version: OpenJDK Runtime Environment (8.0_202-b03) (build 1.8.0_202-release-1483-b03)
# Java VM: OpenJDK 64-Bit Server VM (25.202-b03 mixed mode windows-amd64 compressed oops)
Heap:
 PSYoungGen      total 198656K, used 25542K [0x00000000e0000000, 0x00000000ee600000, 0x0000000100000000)
  eden space 166912K, 0% used [0x00000000e0000000,0x00000000e0000000,0x00000000ea300000)
  from space 31744K, 80% used [0x00000000ea300000,0x00000000ebbf1978,0x00000000ec200000)
  to   space 34304K, 0% used [0x00000000ec480000,0x00000000ec480000,0x00000000ee600000)
 ParOldGen       total 148992K, used 46952K [0x00000000a0000000, 0x00000000a9180000, 0x00000000e0000000)
  object space 148992K, 31% used [0x00000000a0000000,0x00000000a2dda058,0x00000000a9180000)
 Metaspace       used 73484K, capacity 76052K, committed 76120K, reserved 1116160K
  class space    used 9565K, capacity 10096K, committed 10112K, reserved 1048576K
GC Heap History (10 events):
Event: 4224.962 GC heap after
Heap after GC invocations=14 (full 3):
 PSYoungGen      total 198656K, used 15388K [0x00000000e0000000, 0x00000000edc80000, 0x0000000100000000)
  eden space 182784K, 0% used [0x00000000e0000000,0x00000000e0000000,0x00000000eb280000)
  from space 15872K, 96% used [0x00000000eb800000,0x00000000ec7072c0,0x00000000ec780000)
  to   space 21504K, 0% used [0x00000000ec780000,0x00000000ec780000,0x00000000edc80000)
 ParOldGen       total 148992K, used 34455K [0x00000000a0000000, 0x00000000a9180000, 0x00000000e0000000)
  object space 148992K, 23% used [0x00000000a0000000,0x00000000a21a5f80,0x00000000a9180000)
 Metaspace       used 64780K, capacity 66770K, committed 67032K, reserved 1107968K
  class space    used 8470K, capacity 8936K, committed 8960K, reserved 1048576K
}
Event: 4232.743 GC heap before
{Heap before GC invocations=15 (full 3):
 PSYoungGen      total 198656K, used 198172K [0x00000000e0000000, 0x00000000edc80000, 0x0000000100000000)
  eden space 182784K, 100% used [0x00000000e0000000,0x00000000eb280000,0x00000000eb280000)
  from space 15872K, 96% used [0x00000000eb800000,0x00000000ec7072c0,0x00000000ec780000)
  to   space 21504K, 0% used [0x00000000ec780000,0x00000000ec780000,0x00000000edc80000)
 ParOldGen       total 148992K, used 34455K [0x00000000a0000000, 0x00000000a9180000, 0x00000000e0000000)
  object space 148992K, 23% used [0x00000000a0000000,0x00000000a21a5f80,0x00000000a9180000)
 Metaspace       used 67563K, capacity 69702K, committed 69976K, reserved 1110016K
  class space    used 8786K, capacity 9280K, committed 9344K, reserved 1048576K
Event: 4232.783 GC heap after
Heap after GC invocations=15 (full 3):
 PSYoungGen      total 195072K, used 16209K [0x00000000e0000000, 0x00000000ed900000, 0x0000000100000000)
  eden space 177152K, 0% used [0x00000000e0000000,0x00000000e0000000,0x00000000ead00000)
  from space 17920K, 90% used [0x00000000ec780000,0x00000000ed754480,0x00000000ed900000)
  to   space 22528K, 0% used [0x00000000ead00000,0x00000000ead00000,0x00000000ec300000)
 ParOldGen       total 148992K, used 34463K [0x00000000a0000000, 0x00000000a9180000, 0x00000000e0000000)
  object space 148992K, 23% used [0x00000000a0000000,0x00000000a21a7f80,0x00000000a9180000)
 Metaspace       used 67563K, capacity 69702K, committed 69976K, reserved 1110016K
  class space    used 8786K, capacity 9280K, committed 9344K, reserved 1048576K
}
Event: 4287.346 GC heap before
{Heap before GC invocations=16 (full 3):
 PSYoungGen      total 195072K, used 193361K [0x00000000e0000000, 0x00000000ed900000, 0x0000000100000000)
  eden space 177152K, 100% used [0x00000000e0000000,0x00000000ead00000,0x00000000ead00000)
  from space 17920K, 90% used [0x00000000ec780000,0x00000000ed754480,0x00000000ed900000)
  to   space 22528K, 0% used [0x00000000ead00000,0x00000000ead00000,0x00000000ec300000)
 ParOldGen       total 148992K, used 34463K [0x00000000a0000000, 0x00000000a9180000, 0x00000000e0000000)
  object space 148992K, 23% used [0x00000000a0000000,0x00000000a21a7f80,0x00000000a9180000)
 Metaspace       used 68575K, capacity 70820K, committed 71000K, reserved 1112064K
  class space    used 8843K, capacity 9343K, committed 9344K, reserved 1048576K
Event: 4287.410 GC heap after
Heap after GC invocations=16 (full 3):
 PSYoungGen      total 194560K, used 22497K [0x00000000e0000000, 0x00000000ee000000, 0x0000000100000000)
  eden space 172032K, 0% used [0x00000000e0000000,0x00000000e0000000,0x00000000ea800000)
  from space 22528K, 99% used [0x00000000ead00000,0x00000000ec2f8780,0x00000000ec300000)
  to   space 28672K, 0% used [0x00000000ec400000,0x00000000ec400000,0x00000000ee000000)
 ParOldGen       total 148992K, used 42500K [0x00000000a0000000, 0x00000000a9180000, 0x00000000e0000000)
  object space 148992K, 28% used [0x00000000a0000000,0x00000000a29812b8,0x00000000a9180000)
 Metaspace       used 68575K, capacity 70820K, committed 71000K, reserved 1112064K
  class space    used 8843K, capacity 9343K, committed 9344K, reserved 1048576K
}
Event: 4313.460 GC heap before
{Heap before GC invocations=17 (full 3):
 PSYoungGen      total 194560K, used 194529K [0x00000000e0000000, 0x00000000ee000000, 0x0000000100000000)
  eden space 172032K, 100% used [0x00000000e0000000,0x00000000ea800000,0x00000000ea800000)
  from space 22528K, 99% used [0x00000000ead00000,0x00000000ec2f8780,0x00000000ec300000)
  to   space 28672K, 0% used [0x00000000ec400000,0x00000000ec400000,0x00000000ee000000)
 ParOldGen       total 148992K, used 42500K [0x00000000a0000000, 0x00000000a9180000, 0x00000000e0000000)
  object space 148992K, 28% used [0x00000000a0000000,0x00000000a29812b8,0x00000000a9180000)
 Metaspace       used 71197K, capacity 73672K, committed 73816K, reserved 1114112K
  class space    used 9188K, capacity 9740K, committed 9856K, reserved 1048576K
Event: 4313.501 GC heap after
Heap after GC invocations=17 (full 3):
 PSYoungGen      total 195584K, used 25664K [0x00000000e0000000, 0x00000000ee100000, 0x0000000100000000)
  eden space 166912K, 0% used [0x00000000e0000000,0x00000000e0000000,0x00000000ea300000)
  from space 28672K, 89% used [0x00000000ec400000,0x00000000edd100b8,0x00000000ee000000)
  to   space 31744K, 0% used [0x00000000ea300000,0x00000000ea300000,0x00000000ec200000)
 ParOldGen       total 148992K, used 46944K [0x00000000a0000000, 0x00000000a9180000, 0x00000000e0000000)
  object space 148992K, 31% used [0x00000000a0000000,0x00000000a2dd8058,0x00000000a9180000)
 Metaspace       used 71197K, capacity 73672K, committed 73816K, reserved 1114112K
  class space    used 9188K, capacity 9740K, committed 9856K, reserved 1048576K
}
Event: 4322.210 GC heap before
{Heap before GC invocations=18 (full 3):
 PSYoungGen      total 195584K, used 64205K [0x00000000e0000000, 0x00000000ee100000, 0x0000000100000000)
  eden space 166912K, 23% used [0x00000000e0000000,0x00000000e25a3678,0x00000000ea300000)
  from space 28672K, 89% used [0x00000000ec400000,0x00000000edd100b8,0x00000000ee000000)
  to   space 31744K, 0% used [0x00000000ea300000,0x00000000ea300000,0x00000000ec200000)
 ParOldGen       total 148992K, used 46944K [0x00000000a0000000, 0x00000000a9180000, 0x00000000e0000000)
  object space 148992K, 31% used [0x00000000a0000000,0x00000000a2dd8058,0x00000000a9180000)
 Metaspace       used 73484K, capacity 76052K, committed 76120K, reserved 1116160K
  class space    used 9565K, capacity 10096K, committed 10112K, reserved 1048576K
Event: 4322.239 GC heap after
Heap after GC invocations=18 (full 3):
 PSYoungGen      total 198656K, used 25542K [0x00000000e0000000, 0x00000000ee600000, 0x0000000100000000)
  eden space 166912K, 0% used [0x00000000e0000000,0x00000000e0000000,0x00000000ea300000)
  from space 31744K, 80% used [0x00000000ea300000,0x00000000ebbf1978,0x00000000ec200000)
  to   space 34304K, 0% used [0x00000000ec480000,0x00000000ec480000,0x00000000ee600000)
 ParOldGen       total 148992K, used 46952K [0x00000000a0000000, 0x00000000a9180000, 0x00000000e0000000)
  object space 148992K, 31% used [0x00000000a0000000,0x00000000a2dda058,0x00000000a9180000)
 Metaspace       used 73484K, capacity 76052K, committed 76120K, reserved 1116160K
  class space    used 9565K, capacity 10096K, committed 10112K, reserved 1048576K
}
Event: 4322.239 GC heap before
{Heap before GC invocations=19 (full 4):
 PSYoungGen      total 198656K, used 25542K [0x00000000e0000000, 0x00000000ee600000, 0x0000000100000000)
  eden space 166912K, 0% used [0x00000000e0000000,0x00000000e0000000,0x00000000ea300000)
  from space 31744K, 80% used [0x00000000ea300000,0x00000000ebbf1978,0x00000000ec200000)
  to   space 34304K, 0% used [0x00000000ec480000,0x00000000ec480000,0x00000000ee600000)
 ParOldGen       total 148992K, used 46952K [0x00000000a0000000, 0x00000000a9180000, 0x00000000e0000000)
  object space 148992K, 31% used [0x00000000a0000000,0x00000000a2dda058,0x00000000a9180000)
 Metaspace       used 73484K, capacity 76052K, committed 76120K, reserved 1116160K
  class space    used 9565K, capacity 10096K, committed 10112K, reserved 1048576K

